<?xml version="1.0" encoding="UTF-8"?>
<testsuite xmlns:xsi="http://www.w3.org/2001/XMLSchema-instance" xsi:noNamespaceSchemaLocation="https://maven.apache.org/surefire/maven-surefire-plugin/xsd/surefire-test-report.xsd" name="com.nb.fizzbuzzqix.FizzBuzzQixTest" time="0.169" tests="14" errors="0" skipped="0" failures="0">
  <properties>
[...]
</properties>
  <testcase name="shouldContain3" classname="com.nb.fizzbuzzqix.FizzBuzzQixTest" time="0.118"/>
  <testcase name="shouldContain5" classname="com.nb.fizzbuzzqix.FizzBuzzQixTest" time="0"/>
  <testcase name="shouldContain7" classname="com.nb.fizzbuzzqix.FizzBuzzQixTest" time="0"/>
  <testcase name="shouldReturnNumberOutOfFooBarQix" classname="com.nb.fizzbuzzqix.FizzBuzzQixTest" time="0.012"/>
  <testcase name="shouldBeDivisibleBy5AndBy7AndContains3AndContains5" classname="com.nb.fizzbuzzqix.FizzBuzzQixTest" time="0"/>
  <testcase name="shouldHaveHighPrecedenceForDivisors" classname="com.nb.fizzbuzzqix.FizzBuzzQixTest" time="0"/>
  <testcase name="shouldBeDivisibleBy3" classname="com.nb.fizzbuzzqix.FizzBuzzQixTest" time="0"/>
  <testcase name="shouldBeDivisibleBy5" classname="com.nb.fizzbuzzqix.FizzBuzzQixTest" time="0.008"/>
  <testcase name="shouldBeDivisibleBy7" classname="com.nb.fizzbuzzqix.FizzBuzzQixTest" time="0"/>
  <testcase name="shouldBeInAppearanceOrder" classname="com.nb.fizzbuzzqix.FizzBuzzQixTest" time="0"/>
  <testcase name="shouldBeDivisibleAndContain3" classname="com.nb.fizzbuzzqix.FizzBuzzQixTest" time="0"/>
  <testcase name="shouldBeDivisibleAndContain5" classname="com.nb.fizzbuzzqix.FizzBuzzQixTest" time="0"/>
  <testcase name="shouldBeDivisibleAndContain7" classname="com.nb.fizzbuzzqix.FizzBuzzQixTest" time="0"/>
  <testcase name="shouldBeDivisibleBy3AndBy5AndContains5" classname="com.nb.fizzbuzzqix.FizzBuzzQixTest" time="0"/>
</testsuite>